<?xml version="1.0" encoding="utf-8"?><testsuites name="pytest tests"><testsuite name="pytest" errors="0" failures="0" skipped="0" tests="14" time="16.341" timestamp="2026-03-18T21:33:46.606918+00:00" hostname="agent-env-bd83609d-3bcb-4de7-a99a-73bb1629305e"><testcase classname="backend.tests.test_orbital_apis.TestHealthAndBasics" name="test_health_endpoint" time="0.280" /><testcase classname="backend.tests.test_orbital_apis.TestHealthAndBasics" name="test_assets_endpoint" time="0.189" /><testcase classname="backend.tests.test_orbital_apis.TestHealthAndBasics" name="test_prices_endpoint" time="0.154" /><testcase classname="backend.tests.test_orbital_apis.TestAuthentication" name="test_login_masteruser" time="0.653" /><testcase classname="backend.tests.test_orbital_apis.TestAuthentication" name="test_login_admin" time="0.386" /><testcase classname="backend.tests.test_orbital_apis.TestAuthentication" name="test_login_invalid_credentials" time="0.175" /><testcase classname="backend.tests.test_orbital_apis.TestTrading" name="test_place_buy_trade" time="0.575" /><testcase classname="backend.tests.test_orbital_apis.TestTrading" name="test_place_sell_trade" time="0.575" /><testcase classname="backend.tests.test_orbital_apis.TestTrading" name="test_short_expiry_times" time="1.327" /><testcase classname="backend.tests.test_orbital_apis.TestTrading" name="test_get_trades" time="0.539" /><testcase classname="backend.tests.test_orbital_apis.TestAIPrediction" name="test_prediction_endpoint" time="2.817" /><testcase classname="backend.tests.test_orbital_apis.TestAIChat" name="test_chat_endpoint" time="7.368" /><testcase classname="backend.tests.test_orbital_apis.TestWallet" name="test_wallet_balance" time="0.736" /><testcase classname="backend.tests.test_orbital_apis.TestWallet" name="test_transactions" time="0.499" /></testsuite></testsuites>