<?xml version="1.0" encoding="utf-8"?><testsuites name="pytest tests"><testsuite name="pytest" errors="0" failures="0" skipped="0" tests="8" time="1.970" timestamp="2026-04-05T17:22:17.598419+00:00" hostname="agent-env-bd83609d-3bcb-4de7-a99a-73bb1629305e"><testcase classname="backend.tests.test_deposits.TestDepositEndpoints" name="test_create_deposit_valid_tx_hash" time="0.496" /><testcase classname="backend.tests.test_deposits.TestDepositEndpoints" name="test_create_deposit_minimum_amount_error" time="0.119" /><testcase classname="backend.tests.test_deposits.TestDepositEndpoints" name="test_create_deposit_with_screenshot" time="0.128" /><testcase classname="backend.tests.test_deposits.TestDepositEndpoints" name="test_create_deposit_different_currencies" time="0.307" /><testcase classname="backend.tests.test_deposits.TestDepositEndpoints" name="test_get_user_deposits" time="0.125" /><testcase classname="backend.tests.test_deposits.TestDepositEndpoints" name="test_deposit_status_is_blockchain_confirming" time="0.157" /><testcase classname="backend.tests.test_deposits.TestDepositAuthentication" name="test_create_deposit_without_auth" time="0.108" /><testcase classname="backend.tests.test_deposits.TestDepositAuthentication" name="test_get_deposits_without_auth" time="0.465" /></testsuite></testsuites>